{"name":"hexo","hostname":"BoxfishdeiMac-2.local","pid":18052,"level":20,"msg":"Hexo version: \u001b[35m3.2.2\u001b[39m","time":"2016-11-17T09:37:36.443Z","v":0}
{"name":"hexo","hostname":"BoxfishdeiMac-2.local","pid":18052,"level":20,"msg":"Working directory: \u001b[35m~/CompanyLhL/\u001b[39m","time":"2016-11-17T09:37:36.445Z","v":0}
{"name":"hexo","hostname":"BoxfishdeiMac-2.local","pid":18052,"level":20,"msg":"Config loaded: \u001b[35m~/CompanyLhL/_config.yml\u001b[39m","time":"2016-11-17T09:37:42.567Z","v":0}
{"name":"hexo","hostname":"BoxfishdeiMac-2.local","pid":18052,"level":20,"msg":"Plugin loaded: \u001b[35mhexo-deployer-git\u001b[39m","time":"2016-11-17T09:37:42.703Z","v":0}
{"name":"hexo","hostname":"BoxfishdeiMac-2.local","pid":18052,"level":20,"msg":"Plugin loaded: \u001b[35mhexo-generator-archive\u001b[39m","time":"2016-11-17T09:37:43.173Z","v":0}
{"name":"hexo","hostname":"BoxfishdeiMac-2.local","pid":18052,"level":20,"msg":"Plugin loaded: \u001b[35mhexo-generator-category\u001b[39m","time":"2016-11-17T09:37:43.176Z","v":0}
{"name":"hexo","hostname":"BoxfishdeiMac-2.local","pid":18052,"level":20,"msg":"Plugin loaded: \u001b[35mhexo-generator-index\u001b[39m","time":"2016-11-17T09:37:43.193Z","v":0}
{"name":"hexo","hostname":"BoxfishdeiMac-2.local","pid":18052,"level":20,"msg":"Plugin loaded: \u001b[35mhexo-generator-tag\u001b[39m","time":"2016-11-17T09:37:43.203Z","v":0}
{"name":"hexo","hostname":"BoxfishdeiMac-2.local","pid":18052,"level":20,"msg":"Plugin loaded: \u001b[35mhexo-renderer-marked\u001b[39m","time":"2016-11-17T09:37:43.242Z","v":0}
{"name":"hexo","hostname":"BoxfishdeiMac-2.local","pid":18052,"level":20,"msg":"Plugin loaded: \u001b[35mhexo-renderer-ejs\u001b[39m","time":"2016-11-17T09:37:43.304Z","v":0}
{"name":"hexo","hostname":"BoxfishdeiMac-2.local","pid":18052,"level":20,"msg":"Plugin loaded: \u001b[35mhexo-renderer-stylus\u001b[39m","time":"2016-11-17T09:37:43.305Z","v":0}
{"name":"hexo","hostname":"BoxfishdeiMac-2.local","pid":18052,"level":20,"msg":"Plugin loaded: \u001b[35mhexo-server\u001b[39m","time":"2016-11-17T09:37:44.167Z","v":0}
{"name":"hexo","hostname":"BoxfishdeiMac-2.local","pid":18052,"level":20,"msg":"Loading database.","time":"2016-11-17T09:37:44.175Z","v":0}
{"name":"hexo","hostname":"BoxfishdeiMac-2.local","pid":18052,"level":30,"msg":"Start processing","time":"2016-11-17T09:37:44.264Z","v":0}
{"name":"hexo","hostname":"BoxfishdeiMac-2.local","pid":18052,"level":20,"msg":"Processed: \u001b[35m_posts/hello-world.md\u001b[39m","time":"2016-11-17T09:37:44.452Z","v":0}
{"name":"hexo","hostname":"BoxfishdeiMac-2.local","pid":18052,"level":20,"msg":"Theme config loaded.","time":"2016-11-17T09:37:44.829Z","v":0}
{"name":"hexo","hostname":"BoxfishdeiMac-2.local","pid":18052,"level":20,"msg":"Processed: \u001b[35m_config.yml\u001b[39m","time":"2016-11-17T09:37:44.830Z","v":0}
{"name":"hexo","hostname":"BoxfishdeiMac-2.local","pid":18052,"level":20,"msg":"Processed: \u001b[35msource/css/all.styl\u001b[39m","time":"2016-11-17T09:37:44.848Z","v":0}
{"name":"hexo","hostname":"BoxfishdeiMac-2.local","pid":18052,"level":20,"msg":"Processed: \u001b[35msource/css/animate.css\u001b[39m","time":"2016-11-17T09:37:44.848Z","v":0}
{"name":"hexo","hostname":"BoxfishdeiMac-2.local","pid":18052,"level":20,"msg":"Processed: \u001b[35msource/css/animsition.min.css\u001b[39m","time":"2016-11-17T09:37:44.849Z","v":0}
{"name":"hexo","hostname":"BoxfishdeiMac-2.local","pid":18052,"level":20,"msg":"Processed: \u001b[35msource/css/custom.css\u001b[39m","time":"2016-11-17T09:37:44.850Z","v":0}
{"name":"hexo","hostname":"BoxfishdeiMac-2.local","pid":18052,"level":20,"msg":"Processed: \u001b[35msource/css/flexslider.css\u001b[39m","time":"2016-11-17T09:37:44.850Z","v":0}
{"name":"hexo","hostname":"BoxfishdeiMac-2.local","pid":18052,"level":20,"msg":"Processed: \u001b[35msource/css/iconList.css\u001b[39m","time":"2016-11-17T09:37:44.851Z","v":0}
{"name":"hexo","hostname":"BoxfishdeiMac-2.local","pid":18052,"level":20,"msg":"Processed: \u001b[35msource/css/ie8.css\u001b[39m","time":"2016-11-17T09:37:44.851Z","v":0}
{"name":"hexo","hostname":"BoxfishdeiMac-2.local","pid":18052,"level":20,"msg":"Processed: \u001b[35msource/css/screen.css\u001b[39m","time":"2016-11-17T09:37:44.851Z","v":0}
{"name":"hexo","hostname":"BoxfishdeiMac-2.local","pid":18052,"level":20,"msg":"Processed: \u001b[35msource/css/slidebars.min.css\u001b[39m","time":"2016-11-17T09:37:44.851Z","v":0}
{"name":"hexo","hostname":"BoxfishdeiMac-2.local","pid":18052,"level":20,"msg":"Processed: \u001b[35msource/css/syntax.styl\u001b[39m","time":"2016-11-17T09:37:44.852Z","v":0}
{"name":"hexo","hostname":"BoxfishdeiMac-2.local","pid":18052,"level":20,"msg":"Processed: \u001b[35msource/img/close.png\u001b[39m","time":"2016-11-17T09:37:44.861Z","v":0}
{"name":"hexo","hostname":"BoxfishdeiMac-2.local","pid":18052,"level":20,"msg":"Processed: \u001b[35msource/img/favicon.ico\u001b[39m","time":"2016-11-17T09:37:44.865Z","v":0}
{"name":"hexo","hostname":"BoxfishdeiMac-2.local","pid":18052,"level":20,"msg":"Processed: \u001b[35msource/js/html5shiv.min.js\u001b[39m","time":"2016-11-17T09:37:44.865Z","v":0}
{"name":"hexo","hostname":"BoxfishdeiMac-2.local","pid":18052,"level":20,"msg":"Processed: \u001b[35msource/img/logo.png\u001b[39m","time":"2016-11-17T09:37:44.865Z","v":0}
{"name":"hexo","hostname":"BoxfishdeiMac-2.local","pid":18052,"level":20,"msg":"Processed: \u001b[35msource/js/jquery.ajaxchimp.min.js\u001b[39m","time":"2016-11-17T09:37:44.872Z","v":0}
{"name":"hexo","hostname":"BoxfishdeiMac-2.local","pid":18052,"level":20,"msg":"Processed: \u001b[35msource/js/jquery.flexslider-min.js\u001b[39m","time":"2016-11-17T09:37:44.872Z","v":0}
{"name":"hexo","hostname":"BoxfishdeiMac-2.local","pid":18052,"level":20,"msg":"Processed: \u001b[35msource/js/respond.min.js\u001b[39m","time":"2016-11-17T09:37:44.882Z","v":0}
{"name":"hexo","hostname":"BoxfishdeiMac-2.local","pid":18052,"level":20,"msg":"Processed: \u001b[35msource/fonts/icons.ttf\u001b[39m","time":"2016-11-17T09:37:44.883Z","v":0}
{"name":"hexo","hostname":"BoxfishdeiMac-2.local","pid":18052,"level":20,"msg":"Processed: \u001b[35msource/js/scripts.js\u001b[39m","time":"2016-11-17T09:37:44.883Z","v":0}
{"name":"hexo","hostname":"BoxfishdeiMac-2.local","pid":18052,"level":20,"msg":"Processed: \u001b[35msource/fonts/icons.eot\u001b[39m","time":"2016-11-17T09:37:44.883Z","v":0}
{"name":"hexo","hostname":"BoxfishdeiMac-2.local","pid":18052,"level":20,"msg":"Processed: \u001b[35msource/fonts/icons.woff\u001b[39m","time":"2016-11-17T09:37:44.893Z","v":0}
{"name":"hexo","hostname":"BoxfishdeiMac-2.local","pid":18052,"level":20,"msg":"Processed: \u001b[35msource/highlightjs/arta.css\u001b[39m","time":"2016-11-17T09:37:44.894Z","v":0}
{"name":"hexo","hostname":"BoxfishdeiMac-2.local","pid":18052,"level":20,"msg":"Processed: \u001b[35msource/highlightjs/brown_paper.css\u001b[39m","time":"2016-11-17T09:37:44.894Z","v":0}
{"name":"hexo","hostname":"BoxfishdeiMac-2.local","pid":18052,"level":20,"msg":"Processed: \u001b[35msource/highlightjs/brown_papersq.png\u001b[39m","time":"2016-11-17T09:37:44.897Z","v":0}
{"name":"hexo","hostname":"BoxfishdeiMac-2.local","pid":18052,"level":20,"msg":"Processed: \u001b[35msource/highlightjs/dark.css\u001b[39m","time":"2016-11-17T09:37:44.897Z","v":0}
{"name":"hexo","hostname":"BoxfishdeiMac-2.local","pid":18052,"level":20,"msg":"Processed: \u001b[35msource/highlightjs/default.css\u001b[39m","time":"2016-11-17T09:37:44.897Z","v":0}
{"name":"hexo","hostname":"BoxfishdeiMac-2.local","pid":18052,"level":20,"msg":"Processed: \u001b[35msource/highlightjs/docco.css\u001b[39m","time":"2016-11-17T09:37:44.898Z","v":0}
{"name":"hexo","hostname":"BoxfishdeiMac-2.local","pid":18052,"level":20,"msg":"Processed: \u001b[35msource/highlightjs/far.css\u001b[39m","time":"2016-11-17T09:37:44.898Z","v":0}
{"name":"hexo","hostname":"BoxfishdeiMac-2.local","pid":18052,"level":20,"msg":"Processed: \u001b[35msource/highlightjs/foundation.css\u001b[39m","time":"2016-11-17T09:37:44.899Z","v":0}
{"name":"hexo","hostname":"BoxfishdeiMac-2.local","pid":18052,"level":20,"msg":"Processed: \u001b[35msource/highlightjs/github.css\u001b[39m","time":"2016-11-17T09:37:44.900Z","v":0}
{"name":"hexo","hostname":"BoxfishdeiMac-2.local","pid":18052,"level":20,"msg":"Processed: \u001b[35msource/highlightjs/googlecode.css\u001b[39m","time":"2016-11-17T09:37:44.900Z","v":0}
{"name":"hexo","hostname":"BoxfishdeiMac-2.local","pid":18052,"level":20,"msg":"Processed: \u001b[35msource/highlightjs/idea.css\u001b[39m","time":"2016-11-17T09:37:44.901Z","v":0}
{"name":"hexo","hostname":"BoxfishdeiMac-2.local","pid":18052,"level":20,"msg":"Processed: \u001b[35msource/highlightjs/ir_black.css\u001b[39m","time":"2016-11-17T09:37:44.901Z","v":0}
{"name":"hexo","hostname":"BoxfishdeiMac-2.local","pid":18052,"level":20,"msg":"Processed: \u001b[35msource/highlightjs/magula.css\u001b[39m","time":"2016-11-17T09:37:44.902Z","v":0}
{"name":"hexo","hostname":"BoxfishdeiMac-2.local","pid":18052,"level":20,"msg":"Processed: \u001b[35msource/highlightjs/mono-blue.css\u001b[39m","time":"2016-11-17T09:37:44.902Z","v":0}
{"name":"hexo","hostname":"BoxfishdeiMac-2.local","pid":18052,"level":20,"msg":"Processed: \u001b[35msource/highlightjs/monokai.css\u001b[39m","time":"2016-11-17T09:37:44.902Z","v":0}
{"name":"hexo","hostname":"BoxfishdeiMac-2.local","pid":18052,"level":20,"msg":"Processed: \u001b[35msource/highlightjs/monokai_sublime.css\u001b[39m","time":"2016-11-17T09:37:44.903Z","v":0}
{"name":"hexo","hostname":"BoxfishdeiMac-2.local","pid":18052,"level":20,"msg":"Processed: \u001b[35msource/highlightjs/obsidian.css\u001b[39m","time":"2016-11-17T09:37:44.903Z","v":0}
{"name":"hexo","hostname":"BoxfishdeiMac-2.local","pid":18052,"level":20,"msg":"Processed: \u001b[35msource/highlightjs/pojoaque.css\u001b[39m","time":"2016-11-17T09:37:44.903Z","v":0}
{"name":"hexo","hostname":"BoxfishdeiMac-2.local","pid":18052,"level":20,"msg":"Processed: \u001b[35msource/highlightjs/pojoaque.jpg\u001b[39m","time":"2016-11-17T09:37:44.903Z","v":0}
{"name":"hexo","hostname":"BoxfishdeiMac-2.local","pid":18052,"level":20,"msg":"Processed: \u001b[35msource/highlightjs/railscasts.css\u001b[39m","time":"2016-11-17T09:37:44.904Z","v":0}
{"name":"hexo","hostname":"BoxfishdeiMac-2.local","pid":18052,"level":20,"msg":"Processed: \u001b[35msource/highlightjs/rainbow.css\u001b[39m","time":"2016-11-17T09:37:44.905Z","v":0}
{"name":"hexo","hostname":"BoxfishdeiMac-2.local","pid":18052,"level":20,"msg":"Processed: \u001b[35msource/highlightjs/school_book.css\u001b[39m","time":"2016-11-17T09:37:44.905Z","v":0}
{"name":"hexo","hostname":"BoxfishdeiMac-2.local","pid":18052,"level":20,"msg":"Processed: \u001b[35msource/highlightjs/school_book.png\u001b[39m","time":"2016-11-17T09:37:44.906Z","v":0}
{"name":"hexo","hostname":"BoxfishdeiMac-2.local","pid":18052,"level":20,"msg":"Processed: \u001b[35msource/highlightjs/solarized_dark.css\u001b[39m","time":"2016-11-17T09:37:44.906Z","v":0}
{"name":"hexo","hostname":"BoxfishdeiMac-2.local","pid":18052,"level":20,"msg":"Processed: \u001b[35msource/highlightjs/solarized_light.css\u001b[39m","time":"2016-11-17T09:37:44.907Z","v":0}
{"name":"hexo","hostname":"BoxfishdeiMac-2.local","pid":18052,"level":20,"msg":"Processed: \u001b[35msource/highlightjs/sunburst.css\u001b[39m","time":"2016-11-17T09:37:44.908Z","v":0}
{"name":"hexo","hostname":"BoxfishdeiMac-2.local","pid":18052,"level":20,"msg":"Processed: \u001b[35msource/highlightjs/tomorrow-night-blue.css\u001b[39m","time":"2016-11-17T09:37:44.910Z","v":0}
{"name":"hexo","hostname":"BoxfishdeiMac-2.local","pid":18052,"level":20,"msg":"Processed: \u001b[35msource/highlightjs/tomorrow-night-bright.css\u001b[39m","time":"2016-11-17T09:37:44.910Z","v":0}
{"name":"hexo","hostname":"BoxfishdeiMac-2.local","pid":18052,"level":20,"msg":"Processed: \u001b[35msource/highlightjs/tomorrow-night-eighties.css\u001b[39m","time":"2016-11-17T09:37:44.911Z","v":0}
{"name":"hexo","hostname":"BoxfishdeiMac-2.local","pid":18052,"level":20,"msg":"Processed: \u001b[35msource/highlightjs/tomorrow-night.css\u001b[39m","time":"2016-11-17T09:37:44.911Z","v":0}
{"name":"hexo","hostname":"BoxfishdeiMac-2.local","pid":18052,"level":20,"msg":"Processed: \u001b[35msource/highlightjs/tomorrow.css\u001b[39m","time":"2016-11-17T09:37:44.911Z","v":0}
{"name":"hexo","hostname":"BoxfishdeiMac-2.local","pid":18052,"level":20,"msg":"Processed: \u001b[35msource/highlightjs/vs.css\u001b[39m","time":"2016-11-17T09:37:44.911Z","v":0}
{"name":"hexo","hostname":"BoxfishdeiMac-2.local","pid":18052,"level":20,"msg":"Processed: \u001b[35msource/highlightjs/xcode.css\u001b[39m","time":"2016-11-17T09:37:44.912Z","v":0}
{"name":"hexo","hostname":"BoxfishdeiMac-2.local","pid":18052,"level":20,"msg":"Processed: \u001b[35msource/highlightjs/zenburn.css\u001b[39m","time":"2016-11-17T09:37:44.912Z","v":0}
{"name":"hexo","hostname":"BoxfishdeiMac-2.local","pid":18052,"level":20,"msg":"Processed: \u001b[35msource/highlightjs/ascetic.css\u001b[39m","time":"2016-11-17T09:37:44.912Z","v":0}
{"name":"hexo","hostname":"BoxfishdeiMac-2.local","pid":18052,"level":20,"msg":"Processed: \u001b[35mlayout/about.ejs\u001b[39m","time":"2016-11-17T09:37:44.928Z","v":0}
{"name":"hexo","hostname":"BoxfishdeiMac-2.local","pid":18052,"level":20,"msg":"Processed: \u001b[35mlayout/archive.ejs\u001b[39m","time":"2016-11-17T09:37:44.928Z","v":0}
{"name":"hexo","hostname":"BoxfishdeiMac-2.local","pid":18052,"level":20,"msg":"Processed: \u001b[35mlayout/category.ejs\u001b[39m","time":"2016-11-17T09:37:44.928Z","v":0}
{"name":"hexo","hostname":"BoxfishdeiMac-2.local","pid":18052,"level":20,"msg":"Processed: \u001b[35mlayout/index.ejs\u001b[39m","time":"2016-11-17T09:37:44.928Z","v":0}
{"name":"hexo","hostname":"BoxfishdeiMac-2.local","pid":18052,"level":20,"msg":"Processed: \u001b[35mlayout/layout.ejs\u001b[39m","time":"2016-11-17T09:37:44.928Z","v":0}
{"name":"hexo","hostname":"BoxfishdeiMac-2.local","pid":18052,"level":20,"msg":"Processed: \u001b[35mlayout/page.ejs\u001b[39m","time":"2016-11-17T09:37:44.928Z","v":0}
{"name":"hexo","hostname":"BoxfishdeiMac-2.local","pid":18052,"level":20,"msg":"Processed: \u001b[35mlayout/post.ejs\u001b[39m","time":"2016-11-17T09:37:44.928Z","v":0}
{"name":"hexo","hostname":"BoxfishdeiMac-2.local","pid":18052,"level":20,"msg":"Processed: \u001b[35mlayout/tag.ejs\u001b[39m","time":"2016-11-17T09:37:44.928Z","v":0}
{"name":"hexo","hostname":"BoxfishdeiMac-2.local","pid":18052,"level":20,"msg":"Processed: \u001b[35msource/css/bootstrap.min.css\u001b[39m","time":"2016-11-17T09:37:44.929Z","v":0}
{"name":"hexo","hostname":"BoxfishdeiMac-2.local","pid":18052,"level":20,"msg":"Processed: \u001b[35msource/css/style.css\u001b[39m","time":"2016-11-17T09:37:44.929Z","v":0}
{"name":"hexo","hostname":"BoxfishdeiMac-2.local","pid":18052,"level":20,"msg":"Processed: \u001b[35msource/js/jquery-1.11.1.min.js\u001b[39m","time":"2016-11-17T09:37:44.929Z","v":0}
{"name":"hexo","hostname":"BoxfishdeiMac-2.local","pid":18052,"level":20,"msg":"Processed: \u001b[35msource/js/plugins.min.js\u001b[39m","time":"2016-11-17T09:37:44.940Z","v":0}
{"name":"hexo","hostname":"BoxfishdeiMac-2.local","pid":18052,"level":20,"msg":"Processed: \u001b[35mlayout/_widget/archive.ejs\u001b[39m","time":"2016-11-17T09:37:44.956Z","v":0}
{"name":"hexo","hostname":"BoxfishdeiMac-2.local","pid":18052,"level":20,"msg":"Processed: \u001b[35mlayout/_widget/category.ejs\u001b[39m","time":"2016-11-17T09:37:44.956Z","v":0}
{"name":"hexo","hostname":"BoxfishdeiMac-2.local","pid":18052,"level":20,"msg":"Processed: \u001b[35mlayout/_widget/tag.ejs\u001b[39m","time":"2016-11-17T09:37:44.956Z","v":0}
{"name":"hexo","hostname":"BoxfishdeiMac-2.local","pid":18052,"level":20,"msg":"Processed: \u001b[35mlayout/_widget/recent_posts.ejs\u001b[39m","time":"2016-11-17T09:37:44.956Z","v":0}
{"name":"hexo","hostname":"BoxfishdeiMac-2.local","pid":18052,"level":20,"msg":"Processed: \u001b[35mlayout/_widget/tagcloud.ejs\u001b[39m","time":"2016-11-17T09:37:44.956Z","v":0}
{"name":"hexo","hostname":"BoxfishdeiMac-2.local","pid":18052,"level":20,"msg":"Processed: \u001b[35mlayout/casper/about.ejs\u001b[39m","time":"2016-11-17T09:37:44.956Z","v":0}
{"name":"hexo","hostname":"BoxfishdeiMac-2.local","pid":18052,"level":20,"msg":"Processed: \u001b[35mlayout/casper/after_all.ejs\u001b[39m","time":"2016-11-17T09:37:44.958Z","v":0}
{"name":"hexo","hostname":"BoxfishdeiMac-2.local","pid":18052,"level":20,"msg":"Processed: \u001b[35mlayout/casper/archive.ejs\u001b[39m","time":"2016-11-17T09:37:44.958Z","v":0}
{"name":"hexo","hostname":"BoxfishdeiMac-2.local","pid":18052,"level":20,"msg":"Processed: \u001b[35mlayout/casper/head.ejs\u001b[39m","time":"2016-11-17T09:37:44.958Z","v":0}
{"name":"hexo","hostname":"BoxfishdeiMac-2.local","pid":18052,"level":20,"msg":"Processed: \u001b[35mlayout/casper/footer.ejs\u001b[39m","time":"2016-11-17T09:37:44.958Z","v":0}
{"name":"hexo","hostname":"BoxfishdeiMac-2.local","pid":18052,"level":20,"msg":"Processed: \u001b[35mlayout/casper/index.ejs\u001b[39m","time":"2016-11-17T09:37:44.958Z","v":0}
{"name":"hexo","hostname":"BoxfishdeiMac-2.local","pid":18052,"level":20,"msg":"Processed: \u001b[35mlayout/casper/header.ejs\u001b[39m","time":"2016-11-17T09:37:44.958Z","v":0}
{"name":"hexo","hostname":"BoxfishdeiMac-2.local","pid":18052,"level":20,"msg":"Processed: \u001b[35mlayout/casper/post.ejs\u001b[39m","time":"2016-11-17T09:37:44.958Z","v":0}
{"name":"hexo","hostname":"BoxfishdeiMac-2.local","pid":18052,"level":20,"msg":"Processed: \u001b[35msource/fonts/icons.svg\u001b[39m","time":"2016-11-17T09:37:44.958Z","v":0}
{"name":"hexo","hostname":"BoxfishdeiMac-2.local","pid":18052,"level":20,"msg":"Processed: \u001b[35mlayout/casper/post/comments.ejs\u001b[39m","time":"2016-11-17T09:37:44.960Z","v":0}
{"name":"hexo","hostname":"BoxfishdeiMac-2.local","pid":18052,"level":20,"msg":"Processed: \u001b[35mlayout/casper/post/duoshuo.ejs\u001b[39m","time":"2016-11-17T09:37:44.966Z","v":0}
{"name":"hexo","hostname":"BoxfishdeiMac-2.local","pid":18052,"level":20,"msg":"Processed: \u001b[35mlayout/casper/post/meta.ejs\u001b[39m","time":"2016-11-17T09:37:44.966Z","v":0}
{"name":"hexo","hostname":"BoxfishdeiMac-2.local","pid":18052,"level":20,"msg":"Processed: \u001b[35mlayout/casper/post/navigation.ejs\u001b[39m","time":"2016-11-17T09:37:44.966Z","v":0}
{"name":"hexo","hostname":"BoxfishdeiMac-2.local","pid":18052,"level":20,"msg":"Processed: \u001b[35msource/img/blog.png\u001b[39m","time":"2016-11-17T09:37:44.979Z","v":0}
{"name":"hexo","hostname":"BoxfishdeiMac-2.local","pid":18052,"level":20,"msg":"Processed: \u001b[35msource/img/1.jpg\u001b[39m","time":"2016-11-17T09:37:45.000Z","v":0}
{"name":"hexo","hostname":"BoxfishdeiMac-2.local","pid":18052,"level":20,"msg":"Processed: \u001b[35msource/img/bg_img.jpg\u001b[39m","time":"2016-11-17T09:37:45.017Z","v":0}
{"name":"hexo","hostname":"BoxfishdeiMac-2.local","pid":18052,"level":20,"msg":"Generator: \u001b[35mpage\u001b[39m","time":"2016-11-17T09:37:45.080Z","v":0}
{"name":"hexo","hostname":"BoxfishdeiMac-2.local","pid":18052,"level":20,"msg":"Generator: \u001b[35mpost\u001b[39m","time":"2016-11-17T09:37:45.080Z","v":0}
{"name":"hexo","hostname":"BoxfishdeiMac-2.local","pid":18052,"level":20,"msg":"Generator: \u001b[35marchive\u001b[39m","time":"2016-11-17T09:37:45.080Z","v":0}
{"name":"hexo","hostname":"BoxfishdeiMac-2.local","pid":18052,"level":20,"msg":"Generator: \u001b[35mcategory\u001b[39m","time":"2016-11-17T09:37:45.081Z","v":0}
{"name":"hexo","hostname":"BoxfishdeiMac-2.local","pid":18052,"level":20,"msg":"Generator: \u001b[35mindex\u001b[39m","time":"2016-11-17T09:37:45.081Z","v":0}
{"name":"hexo","hostname":"BoxfishdeiMac-2.local","pid":18052,"level":20,"msg":"Generator: \u001b[35mtag\u001b[39m","time":"2016-11-17T09:37:45.081Z","v":0}
{"name":"hexo","hostname":"BoxfishdeiMac-2.local","pid":18052,"level":20,"msg":"Generator: \u001b[35masset\u001b[39m","time":"2016-11-17T09:37:45.083Z","v":0}
{"name":"hexo","hostname":"BoxfishdeiMac-2.local","pid":18052,"level":30,"msg":"Hexo is running at \u001b[4mhttp://localhost:4000/\u001b[24m. Press Ctrl+C to stop.","time":"2016-11-17T09:37:45.110Z","v":0}
{"name":"hexo","hostname":"BoxfishdeiMac-2.local","pid":18052,"level":20,"msg":"Database saved","time":"2016-11-17T09:37:45.121Z","v":0}
{"name":"hexo","hostname":"BoxfishdeiMac-2.local","pid":18052,"level":20,"msg":"Rendering index: \u001b[35mindex.html\u001b[39m","time":"2016-11-17T09:38:57.988Z","v":0}
{"name":"hexo","hostname":"BoxfishdeiMac-2.local","pid":18052,"level":20,"msg":"Generator: \u001b[35mpage\u001b[39m","time":"2016-11-17T10:15:28.479Z","v":0}
{"name":"hexo","hostname":"BoxfishdeiMac-2.local","pid":18052,"level":20,"msg":"Generator: \u001b[35mpost\u001b[39m","time":"2016-11-17T10:15:28.480Z","v":0}
{"name":"hexo","hostname":"BoxfishdeiMac-2.local","pid":18052,"level":20,"msg":"Generator: \u001b[35marchive\u001b[39m","time":"2016-11-17T10:15:28.480Z","v":0}
{"name":"hexo","hostname":"BoxfishdeiMac-2.local","pid":18052,"level":20,"msg":"Generator: \u001b[35mcategory\u001b[39m","time":"2016-11-17T10:15:28.480Z","v":0}
{"name":"hexo","hostname":"BoxfishdeiMac-2.local","pid":18052,"level":20,"msg":"Generator: \u001b[35mindex\u001b[39m","time":"2016-11-17T10:15:28.480Z","v":0}
{"name":"hexo","hostname":"BoxfishdeiMac-2.local","pid":18052,"level":20,"msg":"Generator: \u001b[35mtag\u001b[39m","time":"2016-11-17T10:15:28.480Z","v":0}
{"name":"hexo","hostname":"BoxfishdeiMac-2.local","pid":18052,"level":20,"msg":"Generator: \u001b[35masset\u001b[39m","time":"2016-11-17T10:15:28.487Z","v":0}
{"name":"hexo","hostname":"BoxfishdeiMac-2.local","pid":18052,"level":20,"msg":"Generator: \u001b[35mpage\u001b[39m","time":"2016-11-17T10:15:28.774Z","v":0}
{"name":"hexo","hostname":"BoxfishdeiMac-2.local","pid":18052,"level":20,"msg":"Generator: \u001b[35mpost\u001b[39m","time":"2016-11-17T10:15:28.774Z","v":0}
{"name":"hexo","hostname":"BoxfishdeiMac-2.local","pid":18052,"level":20,"msg":"Generator: \u001b[35marchive\u001b[39m","time":"2016-11-17T10:15:28.775Z","v":0}
{"name":"hexo","hostname":"BoxfishdeiMac-2.local","pid":18052,"level":20,"msg":"Generator: \u001b[35mcategory\u001b[39m","time":"2016-11-17T10:15:28.775Z","v":0}
{"name":"hexo","hostname":"BoxfishdeiMac-2.local","pid":18052,"level":20,"msg":"Generator: \u001b[35mindex\u001b[39m","time":"2016-11-17T10:15:28.775Z","v":0}
{"name":"hexo","hostname":"BoxfishdeiMac-2.local","pid":18052,"level":20,"msg":"Generator: \u001b[35mtag\u001b[39m","time":"2016-11-17T10:15:28.775Z","v":0}
{"name":"hexo","hostname":"BoxfishdeiMac-2.local","pid":18052,"level":20,"msg":"Generator: \u001b[35masset\u001b[39m","time":"2016-11-17T10:15:28.778Z","v":0}
{"name":"hexo","hostname":"BoxfishdeiMac-2.local","pid":18052,"level":20,"msg":"Generator: \u001b[35mpage\u001b[39m","time":"2016-11-17T10:16:54.567Z","v":0}
{"name":"hexo","hostname":"BoxfishdeiMac-2.local","pid":18052,"level":20,"msg":"Generator: \u001b[35mpost\u001b[39m","time":"2016-11-17T10:16:54.568Z","v":0}
{"name":"hexo","hostname":"BoxfishdeiMac-2.local","pid":18052,"level":20,"msg":"Generator: \u001b[35marchive\u001b[39m","time":"2016-11-17T10:16:54.568Z","v":0}
{"name":"hexo","hostname":"BoxfishdeiMac-2.local","pid":18052,"level":20,"msg":"Generator: \u001b[35mcategory\u001b[39m","time":"2016-11-17T10:16:54.569Z","v":0}
{"name":"hexo","hostname":"BoxfishdeiMac-2.local","pid":18052,"level":20,"msg":"Generator: \u001b[35mindex\u001b[39m","time":"2016-11-17T10:16:54.569Z","v":0}
{"name":"hexo","hostname":"BoxfishdeiMac-2.local","pid":18052,"level":20,"msg":"Generator: \u001b[35mtag\u001b[39m","time":"2016-11-17T10:16:54.569Z","v":0}
{"name":"hexo","hostname":"BoxfishdeiMac-2.local","pid":18052,"level":20,"msg":"Generator: \u001b[35masset\u001b[39m","time":"2016-11-17T10:16:54.570Z","v":0}
{"name":"hexo","hostname":"BoxfishdeiMac-2.local","pid":18052,"level":20,"msg":"Generator: \u001b[35mpage\u001b[39m","time":"2016-11-17T10:16:54.778Z","v":0}
{"name":"hexo","hostname":"BoxfishdeiMac-2.local","pid":18052,"level":20,"msg":"Generator: \u001b[35mpost\u001b[39m","time":"2016-11-17T10:16:54.778Z","v":0}
{"name":"hexo","hostname":"BoxfishdeiMac-2.local","pid":18052,"level":20,"msg":"Generator: \u001b[35marchive\u001b[39m","time":"2016-11-17T10:16:54.778Z","v":0}
{"name":"hexo","hostname":"BoxfishdeiMac-2.local","pid":18052,"level":20,"msg":"Generator: \u001b[35mcategory\u001b[39m","time":"2016-11-17T10:16:54.778Z","v":0}
{"name":"hexo","hostname":"BoxfishdeiMac-2.local","pid":18052,"level":20,"msg":"Generator: \u001b[35mindex\u001b[39m","time":"2016-11-17T10:16:54.778Z","v":0}
{"name":"hexo","hostname":"BoxfishdeiMac-2.local","pid":18052,"level":20,"msg":"Generator: \u001b[35mtag\u001b[39m","time":"2016-11-17T10:16:54.778Z","v":0}
{"name":"hexo","hostname":"BoxfishdeiMac-2.local","pid":18052,"level":20,"msg":"Generator: \u001b[35masset\u001b[39m","time":"2016-11-17T10:16:54.779Z","v":0}
{"name":"hexo","hostname":"BoxfishdeiMac-2.local","pid":18052,"level":20,"msg":"Generator: \u001b[35mpage\u001b[39m","time":"2016-11-17T10:19:24.125Z","v":0}
{"name":"hexo","hostname":"BoxfishdeiMac-2.local","pid":18052,"level":20,"msg":"Generator: \u001b[35mpost\u001b[39m","time":"2016-11-17T10:19:24.125Z","v":0}
{"name":"hexo","hostname":"BoxfishdeiMac-2.local","pid":18052,"level":20,"msg":"Generator: \u001b[35marchive\u001b[39m","time":"2016-11-17T10:19:24.125Z","v":0}
{"name":"hexo","hostname":"BoxfishdeiMac-2.local","pid":18052,"level":20,"msg":"Generator: \u001b[35mcategory\u001b[39m","time":"2016-11-17T10:19:24.125Z","v":0}
{"name":"hexo","hostname":"BoxfishdeiMac-2.local","pid":18052,"level":20,"msg":"Generator: \u001b[35mindex\u001b[39m","time":"2016-11-17T10:19:24.126Z","v":0}
{"name":"hexo","hostname":"BoxfishdeiMac-2.local","pid":18052,"level":20,"msg":"Generator: \u001b[35mtag\u001b[39m","time":"2016-11-17T10:19:24.127Z","v":0}
{"name":"hexo","hostname":"BoxfishdeiMac-2.local","pid":18052,"level":20,"msg":"Generator: \u001b[35masset\u001b[39m","time":"2016-11-17T10:19:24.130Z","v":0}
{"name":"hexo","hostname":"BoxfishdeiMac-2.local","pid":18052,"level":20,"msg":"Generator: \u001b[35mpage\u001b[39m","time":"2016-11-17T10:19:25.546Z","v":0}
{"name":"hexo","hostname":"BoxfishdeiMac-2.local","pid":18052,"level":20,"msg":"Generator: \u001b[35mpost\u001b[39m","time":"2016-11-17T10:19:25.547Z","v":0}
{"name":"hexo","hostname":"BoxfishdeiMac-2.local","pid":18052,"level":20,"msg":"Generator: \u001b[35marchive\u001b[39m","time":"2016-11-17T10:19:25.547Z","v":0}
{"name":"hexo","hostname":"BoxfishdeiMac-2.local","pid":18052,"level":20,"msg":"Generator: \u001b[35mcategory\u001b[39m","time":"2016-11-17T10:19:25.547Z","v":0}
{"name":"hexo","hostname":"BoxfishdeiMac-2.local","pid":18052,"level":20,"msg":"Generator: \u001b[35mindex\u001b[39m","time":"2016-11-17T10:19:25.547Z","v":0}
{"name":"hexo","hostname":"BoxfishdeiMac-2.local","pid":18052,"level":20,"msg":"Generator: \u001b[35mtag\u001b[39m","time":"2016-11-17T10:19:25.548Z","v":0}
{"name":"hexo","hostname":"BoxfishdeiMac-2.local","pid":18052,"level":20,"msg":"Generator: \u001b[35masset\u001b[39m","time":"2016-11-17T10:19:25.549Z","v":0}
{"name":"hexo","hostname":"BoxfishdeiMac-2.local","pid":18052,"level":20,"msg":"Generator: \u001b[35mpage\u001b[39m","time":"2016-11-17T10:20:02.450Z","v":0}
{"name":"hexo","hostname":"BoxfishdeiMac-2.local","pid":18052,"level":20,"msg":"Generator: \u001b[35mpost\u001b[39m","time":"2016-11-17T10:20:02.450Z","v":0}
{"name":"hexo","hostname":"BoxfishdeiMac-2.local","pid":18052,"level":20,"msg":"Generator: \u001b[35marchive\u001b[39m","time":"2016-11-17T10:20:02.450Z","v":0}
{"name":"hexo","hostname":"BoxfishdeiMac-2.local","pid":18052,"level":20,"msg":"Generator: \u001b[35mcategory\u001b[39m","time":"2016-11-17T10:20:02.450Z","v":0}
{"name":"hexo","hostname":"BoxfishdeiMac-2.local","pid":18052,"level":20,"msg":"Generator: \u001b[35mindex\u001b[39m","time":"2016-11-17T10:20:02.450Z","v":0}
{"name":"hexo","hostname":"BoxfishdeiMac-2.local","pid":18052,"level":20,"msg":"Generator: \u001b[35mtag\u001b[39m","time":"2016-11-17T10:20:02.450Z","v":0}
{"name":"hexo","hostname":"BoxfishdeiMac-2.local","pid":18052,"level":20,"msg":"Generator: \u001b[35masset\u001b[39m","time":"2016-11-17T10:20:02.451Z","v":0}
{"name":"hexo","hostname":"BoxfishdeiMac-2.local","pid":18052,"level":20,"msg":"Generator: \u001b[35mpage\u001b[39m","time":"2016-11-17T10:20:13.188Z","v":0}
{"name":"hexo","hostname":"BoxfishdeiMac-2.local","pid":18052,"level":20,"msg":"Generator: \u001b[35mpost\u001b[39m","time":"2016-11-17T10:20:13.188Z","v":0}
{"name":"hexo","hostname":"BoxfishdeiMac-2.local","pid":18052,"level":20,"msg":"Generator: \u001b[35marchive\u001b[39m","time":"2016-11-17T10:20:13.189Z","v":0}
{"name":"hexo","hostname":"BoxfishdeiMac-2.local","pid":18052,"level":20,"msg":"Generator: \u001b[35mcategory\u001b[39m","time":"2016-11-17T10:20:13.189Z","v":0}
{"name":"hexo","hostname":"BoxfishdeiMac-2.local","pid":18052,"level":20,"msg":"Generator: \u001b[35mindex\u001b[39m","time":"2016-11-17T10:20:13.189Z","v":0}
{"name":"hexo","hostname":"BoxfishdeiMac-2.local","pid":18052,"level":20,"msg":"Generator: \u001b[35mtag\u001b[39m","time":"2016-11-17T10:20:13.189Z","v":0}
{"name":"hexo","hostname":"BoxfishdeiMac-2.local","pid":18052,"level":20,"msg":"Generator: \u001b[35masset\u001b[39m","time":"2016-11-17T10:20:13.190Z","v":0}
{"name":"hexo","hostname":"BoxfishdeiMac-2.local","pid":18052,"level":30,"msg":"See you again","time":"2016-11-17T10:21:25.659Z","v":0}
{"name":"hexo","hostname":"BoxfishdeiMac-2.local","pid":18052,"level":20,"msg":"Database saved","time":"2016-11-17T10:21:25.744Z","v":0}
